This is pdfTeX, Version 3.14159265-2.6-1.40.20 (TeX Live 2019/Debian) (preloaded format=pdflatex 2023.8.2)  2 AUG 2023 13:59
entering extended mode
 restricted \write18 enabled.
 %&-line parsing enabled.
**RISDM.tex
(./RISDM.tex
LaTeX2e <2020-02-02> patch level 2
L3 programming layer <2020-02-14> (./jss.cls
Document Class: jss 2009/09/24 2.0 jss class by Achim Zeileis
(/usr/share/texlive/texmf-dist/tex/latex/base/article.cls
Document Class: article 2019/12/20 v1.4l Standard LaTeX document class
(/usr/share/texlive/texmf-dist/tex/latex/base/size11.clo
File: size11.clo 2019/12/20 v1.4l Standard LaTeX file (size option)
)
\c@part=\count167
\c@section=\count168
\c@subsection=\count169
\c@subsubsection=\count170
\c@paragraph=\count171
\c@subparagraph=\count172
\c@figure=\count173
\c@table=\count174
\abovecaptionskip=\skip47
\belowcaptionskip=\skip48
\bibindent=\dimen134
)
(/usr/share/texlive/texmf-dist/tex/latex/graphics/graphicx.sty
Package: graphicx 2019/11/30 v1.2a Enhanced LaTeX Graphics (DPC,SPQR)

(/usr/share/texlive/texmf-dist/tex/latex/graphics/keyval.sty
Package: keyval 2014/10/28 v1.15 key=value parser (DPC)
\KV@toks@=\toks14
)
(/usr/share/texlive/texmf-dist/tex/latex/graphics/graphics.sty
Package: graphics 2019/11/30 v1.4a Standard LaTeX Graphics (DPC,SPQR)

(/usr/share/texlive/texmf-dist/tex/latex/graphics/trig.sty
Package: trig 2016/01/03 v1.10 sin cos tan (DPC)
)
(/usr/share/texlive/texmf-dist/tex/latex/graphics-cfg/graphics.cfg
File: graphics.cfg 2016/06/04 v1.11 sample graphics configuration
)
Package graphics Info: Driver file: pdftex.def on input line 105.

(/usr/share/texlive/texmf-dist/tex/latex/graphics-def/pdftex.def
File: pdftex.def 2018/01/08 v1.0l Graphics/color driver for pdftex
))
\Gin@req@height=\dimen135
\Gin@req@width=\dimen136
)
(/usr/share/texlive/texmf-dist/tex/latex/a4wide/a4wide.sty
Package: a4wide 1994/08/30

(/usr/share/texlive/texmf-dist/tex/latex/ntgclass/a4.sty
Package: a4 2004/04/15 v1.2g A4 based page layout
))
(/usr/share/texlive/texmf-dist/tex/latex/graphics/color.sty
Package: color 2019/11/23 v1.2a Standard LaTeX Color (DPC)

(/usr/share/texlive/texmf-dist/tex/latex/graphics-cfg/color.cfg
File: color.cfg 2016/01/02 v1.6 sample color configuration
)
Package color Info: Driver file: pdftex.def on input line 147.
)
(/usr/share/texlive/texmf-dist/tex/latex/ae/ae.sty
Package: ae 2001/02/12 1.3 Almost European Computer Modern

(/usr/share/texlive/texmf-dist/tex/latex/base/fontenc.sty
Package: fontenc 2020/02/11 v2.0o Standard LaTeX package
))
(/usr/share/texlive/texmf-dist/tex/latex/fancyvrb/fancyvrb.sty
Package: fancyvrb 2020/01/13 v3.5 verbatim text (tvz,hv)
\FV@CodeLineNo=\count175
\FV@InFile=\read2
\FV@TabBox=\box45
\c@FancyVerbLine=\count176
\FV@StepNumber=\count177
\FV@OutFile=\write3
)
(/usr/share/texlive/texmf-dist/tex/latex/base/fontenc.sty
Package: fontenc 2020/02/11 v2.0o Standard LaTeX package
LaTeX Font Info:    Trying to load font information for T1+aer on input line 11
2.

(/usr/share/texlive/texmf-dist/tex/latex/ae/t1aer.fd
File: t1aer.fd 1997/11/16 Font definitions for T1/aer.
))
(/usr/share/texlive/texmf-dist/tex/latex/upquote/upquote.sty
Package: upquote 2012/04/19 v1.3 upright-quote and grave-accent glyphs in verba
tim

(/usr/share/texlive/texmf-dist/tex/latex/base/textcomp.sty
Package: textcomp 2020/02/02 v2.0n Standard LaTeX package
))
(/usr/share/texlive/texmf-dist/tex/latex/natbib/natbib.sty
Package: natbib 2010/09/13 8.31b (PWD, AO)
\bibhang=\skip49
\bibsep=\skip50
LaTeX Info: Redefining \cite on input line 694.
\c@NAT@ctr=\count178
)
\footerskip=\skip51

(/usr/share/texlive/texmf-dist/tex/latex/hyperref/hyperref.sty
Package: hyperref 2020/01/14 v7.00d Hypertext links for LaTeX

(/usr/share/texlive/texmf-dist/tex/generic/ltxcmds/ltxcmds.sty
Package: ltxcmds 2019/12/15 v1.24 LaTeX kernel commands for general use (HO)
)
(/usr/share/texlive/texmf-dist/tex/generic/iftex/iftex.sty
Package: iftex 2019/11/07 v1.0c TeX engine tests
)
(/usr/share/texlive/texmf-dist/tex/latex/pdftexcmds/pdftexcmds.sty
Package: pdftexcmds 2019/11/24 v0.31 Utility functions of pdfTeX for LuaTeX (HO
)

(/usr/share/texlive/texmf-dist/tex/generic/infwarerr/infwarerr.sty
Package: infwarerr 2019/12/03 v1.5 Providing info/warning/error messages (HO)
)
Package pdftexcmds Info: \pdf@primitive is available.
Package pdftexcmds Info: \pdf@ifprimitive is available.
Package pdftexcmds Info: \pdfdraftmode found.
)
(/usr/share/texlive/texmf-dist/tex/generic/kvsetkeys/kvsetkeys.sty
Package: kvsetkeys 2019/12/15 v1.18 Key value parser (HO)
)
(/usr/share/texlive/texmf-dist/tex/generic/kvdefinekeys/kvdefinekeys.sty
Package: kvdefinekeys 2019-12-19 v1.6 Define keys (HO)
)
(/usr/share/texlive/texmf-dist/tex/generic/pdfescape/pdfescape.sty
Package: pdfescape 2019/12/09 v1.15 Implements pdfTeX's escape features (HO)
)
(/usr/share/texlive/texmf-dist/tex/latex/hycolor/hycolor.sty
Package: hycolor 2020-01-27 v1.10 Color options for hyperref/bookmark (HO)
)
(/usr/share/texlive/texmf-dist/tex/latex/letltxmacro/letltxmacro.sty
Package: letltxmacro 2019/12/03 v1.6 Let assignment for LaTeX macros (HO)
)
(/usr/share/texlive/texmf-dist/tex/latex/auxhook/auxhook.sty
Package: auxhook 2019-12-17 v1.6 Hooks for auxiliary files (HO)
)
(/usr/share/texlive/texmf-dist/tex/latex/kvoptions/kvoptions.sty
Package: kvoptions 2019/11/29 v3.13 Key value format for package options (HO)
)
\@linkdim=\dimen137
\Hy@linkcounter=\count179
\Hy@pagecounter=\count180

(/usr/share/texlive/texmf-dist/tex/latex/hyperref/pd1enc.def
File: pd1enc.def 2020/01/14 v7.00d Hyperref: PDFDocEncoding definition (HO)
Now handling font encoding PD1 ...
... no UTF-8 mapping file for font encoding PD1
)
(/usr/share/texlive/texmf-dist/tex/generic/intcalc/intcalc.sty
Package: intcalc 2019/12/15 v1.3 Expandable calculations with integers (HO)
)
(/usr/share/texlive/texmf-dist/tex/generic/etexcmds/etexcmds.sty
Package: etexcmds 2019/12/15 v1.7 Avoid name clashes with e-TeX commands (HO)
)
\Hy@SavedSpaceFactor=\count181
\pdfmajorversion=\count182
Package hyperref Info: Hyper figures OFF on input line 4547.
Package hyperref Info: Link nesting OFF on input line 4552.
Package hyperref Info: Hyper index ON on input line 4555.
Package hyperref Info: Plain pages OFF on input line 4562.
Package hyperref Info: Backreferencing OFF on input line 4567.
Package hyperref Info: Implicit mode ON; LaTeX internals redefined.
Package hyperref Info: Bookmarks ON on input line 4800.
\c@Hy@tempcnt=\count183

(/usr/share/texlive/texmf-dist/tex/latex/url/url.sty
\Urlmuskip=\muskip16
Package: url 2013/09/16  ver 3.4  Verb mode for urls, etc.
)
LaTeX Info: Redefining \url on input line 5159.
\XeTeXLinkMargin=\dimen138

(/usr/share/texlive/texmf-dist/tex/generic/bitset/bitset.sty
Package: bitset 2019/12/09 v1.3 Handle bit-vector datatype (HO)

(/usr/share/texlive/texmf-dist/tex/generic/bigintcalc/bigintcalc.sty
Package: bigintcalc 2019/12/15 v1.5 Expandable calculations on big integers (HO
)
))
\Fld@menulength=\count184
\Field@Width=\dimen139
\Fld@charsize=\dimen140
Package hyperref Info: Hyper figures OFF on input line 6430.
Package hyperref Info: Link nesting OFF on input line 6435.
Package hyperref Info: Hyper index ON on input line 6438.
Package hyperref Info: backreferencing OFF on input line 6445.
Package hyperref Info: Link coloring OFF on input line 6450.
Package hyperref Info: Link coloring with OCG OFF on input line 6455.
Package hyperref Info: PDF/A mode OFF on input line 6460.
LaTeX Info: Redefining \ref on input line 6500.
LaTeX Info: Redefining \pageref on input line 6504.

(/usr/share/texlive/texmf-dist/tex/generic/atbegshi/atbegshi.sty
Package: atbegshi 2019/12/05 v1.19 At begin shipout hook (HO)
)
\Hy@abspage=\count185
\c@Item=\count186
\c@Hfootnote=\count187
)
Package hyperref Info: Driver (autodetected): hpdftex.

(/usr/share/texlive/texmf-dist/tex/latex/hyperref/hpdftex.def
File: hpdftex.def 2020/01/14 v7.00d Hyperref driver for pdfTeX

(/usr/share/texlive/texmf-dist/tex/latex/atveryend/atveryend.sty
Package: atveryend 2019-12-11 v1.11 Hooks at the very end of document (HO)
Package atveryend Info: \enddocument detected (standard20110627).
)
\Fld@listcount=\count188
\c@bookmark@seq@number=\count189

(/usr/share/texlive/texmf-dist/tex/latex/rerunfilecheck/rerunfilecheck.sty
Package: rerunfilecheck 2019/12/05 v1.9 Rerun checks for auxiliary files (HO)

(/usr/share/texlive/texmf-dist/tex/generic/uniquecounter/uniquecounter.sty
Package: uniquecounter 2019/12/15 v1.4 Provide unlimited unique counter (HO)
)
Package uniquecounter Info: New unique counter `rerunfilecheck' on input line 2
86.
)
\Hy@SectionHShift=\skip52
)
\preXLskip=\skip53
\preLskip=\skip54
\preMskip=\skip55
\preSskip=\skip56
\postMskip=\skip57
\postSskip=\skip58


Package hyperref Warning: Option `hyperindex' has already been used,
(hyperref)                setting the option has no effect on input line 446.

Package hyperref Info: Option `colorlinks' set `true' on input line 446.
Package hyperref Info: Option `linktocpage' set `true' on input line 446.
Package hyperref Info: Option `plainpages' set `false' on input line 446.
) (/usr/share/texlive/texmf-dist/tex/latex/xcolor/xcolor.sty
Package: xcolor 2016/05/11 v2.12 LaTeX color extensions (UK)

(/usr/share/texlive/texmf-dist/tex/latex/graphics-cfg/color.cfg
File: color.cfg 2016/01/02 v1.6 sample color configuration
)
Package xcolor Info: Driver file: pdftex.def on input line 225.
LaTeX Info: Redefining \color on input line 709.
Package xcolor Info: Model `cmy' substituted by `cmy0' on input line 1348.
Package xcolor Info: Model `hsb' substituted by `rgb' on input line 1352.
Package xcolor Info: Model `RGB' extended on input line 1364.
Package xcolor Info: Model `HTML' substituted by `rgb' on input line 1366.
Package xcolor Info: Model `Hsb' substituted by `hsb' on input line 1367.
Package xcolor Info: Model `tHsb' substituted by `hsb' on input line 1368.
Package xcolor Info: Model `HSB' substituted by `hsb' on input line 1369.
Package xcolor Info: Model `Gray' substituted by `gray' on input line 1370.
Package xcolor Info: Model `wave' substituted by `hsb' on input line 1371.
)
(/usr/share/texlive/texmf-dist/tex/latex/framed/framed.sty
Package: framed 2011/10/22 v 0.96: framed or shaded text with page breaks
\OuterFrameSep=\skip59
\fb@frw=\dimen141
\fb@frh=\dimen142
\FrameRule=\dimen143
\FrameSep=\dimen144
)
(/usr/share/texlive/texmf-dist/tex/latex/base/alltt.sty
Package: alltt 1997/06/16 v2.0g defines alltt environment
)
(/usr/share/texlive/texmf-dist/tex/latex/l3backend/l3backend-pdfmode.def
File: l3backend-pdfmode.def 2020-02-03 L3 backend support: PDF mode
\l__kernel_color_stack_int=\count190
\l__pdf_internal_box=\box46
)
(./RISDM.aux)
\openout1 = `RISDM.aux'.

LaTeX Font Info:    Checking defaults for OML/cmm/m/it on input line 98.
LaTeX Font Info:    ... okay on input line 98.
LaTeX Font Info:    Checking defaults for OMS/cmsy/m/n on input line 98.
LaTeX Font Info:    ... okay on input line 98.
LaTeX Font Info:    Checking defaults for OT1/cmr/m/n on input line 98.
LaTeX Font Info:    ... okay on input line 98.
LaTeX Font Info:    Checking defaults for T1/cmr/m/n on input line 98.
LaTeX Font Info:    ... okay on input line 98.
LaTeX Font Info:    Checking defaults for TS1/cmr/m/n on input line 98.
LaTeX Font Info:    ... okay on input line 98.
LaTeX Font Info:    Checking defaults for OMX/cmex/m/n on input line 98.
LaTeX Font Info:    ... okay on input line 98.
LaTeX Font Info:    Checking defaults for U/cmr/m/n on input line 98.
LaTeX Font Info:    ... okay on input line 98.
LaTeX Font Info:    Checking defaults for PD1/pdf/m/n on input line 98.
LaTeX Font Info:    ... okay on input line 98.

(/usr/share/texlive/texmf-dist/tex/context/base/mkii/supp-pdf.mkii
[Loading MPS to PDF converter (version 2006.09.02).]
\scratchcounter=\count191
\scratchdimen=\dimen145
\scratchbox=\box47
\nofMPsegments=\count192
\nofMParguments=\count193
\everyMPshowfont=\toks15
\MPscratchCnt=\count194
\MPscratchDim=\dimen146
\MPnumerator=\count195
\makeMPintoPDFobject=\count196
\everyMPtoPDFconversion=\toks16
) (/usr/share/texlive/texmf-dist/tex/latex/epstopdf-pkg/epstopdf-base.sty
Package: epstopdf-base 2020-01-24 v2.11 Base part for package epstopdf
Package epstopdf-base Info: Redefining graphics rule for `.eps' on input line 4
85.

(/usr/share/texlive/texmf-dist/tex/latex/latexconfig/epstopdf-sys.cfg
File: epstopdf-sys.cfg 2010/07/13 v1.3 Configuration of (r)epstopdf for TeX Liv
e
))
\AtBeginShipoutBox=\box48
Package hyperref Info: Link coloring ON on input line 98.

(/usr/share/texlive/texmf-dist/tex/latex/hyperref/nameref.sty
Package: nameref 2019/09/16 v2.46 Cross-referencing by name of section

(/usr/share/texlive/texmf-dist/tex/latex/refcount/refcount.sty
Package: refcount 2019/12/15 v3.6 Data extraction from label references (HO)
)
(/usr/share/texlive/texmf-dist/tex/generic/gettitlestring/gettitlestring.sty
Package: gettitlestring 2019/12/15 v1.6 Cleanup title references (HO)
)
\c@section@level=\count197
)
LaTeX Info: Redefining \ref on input line 98.
LaTeX Info: Redefining \pageref on input line 98.
LaTeX Info: Redefining \nameref on input line 98.

(./RISDM.out) (./RISDM.out)
\@outlinefile=\write4
\openout4 = `RISDM.out'.

LaTeX Font Info:    External font `cmex10' loaded for size
(Font)              <10.95> on input line 98.
LaTeX Font Info:    External font `cmex10' loaded for size
(Font)              <8> on input line 98.
LaTeX Font Info:    External font `cmex10' loaded for size
(Font)              <6> on input line 98.


Package xcolor Warning: Incompatible color definition on input line 98.


Package xcolor Warning: Incompatible color definition on input line 98.


Package xcolor Warning: Incompatible color definition on input line 98.


Package xcolor Warning: Incompatible color definition on input line 98.


Package xcolor Warning: Incompatible color definition on input line 98.


Package xcolor Warning: Incompatible color definition on input line 98.

LaTeX Font Info:    Trying to load font information for T1+aess on input line 9
8.
(/usr/share/texlive/texmf-dist/tex/latex/ae/t1aess.fd
File: t1aess.fd 1997/11/16 Font definitions for T1/aess.
)
LaTeX Font Info:    Trying to load font information for T1+aett on input line 9
8.

(/usr/share/texlive/texmf-dist/tex/latex/ae/t1aett.fd
File: t1aett.fd 1997/11/16 Font definitions for T1/aett.
)

Package xcolor Warning: Incompatible color definition on input line 98.


Package xcolor Warning: Incompatible color definition on input line 98.

LaTeX Font Info:    External font `cmex10' loaded for size
(Font)              <9> on input line 100.
LaTeX Font Info:    External font `cmex10' loaded for size
(Font)              <5> on input line 100.

Package hyperref Warning: Ignoring empty anchor on input line 100.


Package xcolor Warning: Incompatible color definition on input line 100.


LaTeX Font Warning: Font shape `T1/aett/b/n' undefined
(Font)              using `T1/aett/m/n' instead on input line 105.


Package xcolor Warning: Incompatible color definition on input line 107.


Package xcolor Warning: Incompatible color definition on input line 107.

[1

{/var/lib/texmf/fonts/map/pdftex/updmap/pdftex.map}]

Package xcolor Warning: Incompatible color definition on input line 130.


Package xcolor Warning: Incompatible color definition on input line 130.


Package xcolor Warning: Incompatible color definition on input line 130.


Package xcolor Warning: Incompatible color definition on input line 130.


Package xcolor Warning: Incompatible color definition on input line 130.


Package xcolor Warning: Incompatible color definition on input line 130.


Package xcolor Warning: Incompatible color definition on input line 134.


Package xcolor Warning: Incompatible color definition on input line 134.


Package xcolor Warning: Incompatible color definition on input line 135.


Package xcolor Warning: Incompatible color definition on input line 136.


Package xcolor Warning: Incompatible color definition on input line 136.


Package xcolor Warning: Incompatible color definition on input line 137.


Package xcolor Warning: Incompatible color definition on input line 140.


Package xcolor Warning: Incompatible color definition on input line 140.


Overfull \hbox (5.47499pt too wide) has occurred while \output is active
\T1/aer/m/n/10.95 2 []
 []

[2]

Package xcolor Warning: Incompatible color definition on input line 150.


Package xcolor Warning: Incompatible color definition on input line 150.


Package xcolor Warning: Incompatible color definition on input line 150.


Package xcolor Warning: Incompatible color definition on input line 150.


Package xcolor Warning: Incompatible color definition on input line 151.


Package xcolor Warning: Incompatible color definition on input line 151.


Package xcolor Warning: Incompatible color definition on input line 151.


Package xcolor Warning: Incompatible color definition on input line 151.


Package xcolor Warning: Incompatible color definition on input line 152.


Package xcolor Warning: Incompatible color definition on input line 152.


Package xcolor Warning: Incompatible color definition on input line 152.


Package xcolor Warning: Incompatible color definition on input line 152.


Package xcolor Warning: Incompatible color definition on input line 152.


Package xcolor Warning: Incompatible color definition on input line 152.

<figure/readCovars-1.pdf, id=76, 505.89pt x 505.89pt>
File: figure/readCovars-1.pdf Graphic file (type pdf)
<use figure/readCovars-1.pdf>
Package pdftex.def Info: figure/readCovars-1.pdf  used on input line 174.
(pdftex.def)             Requested size: 442.65375pt x 442.66037pt.

Package xcolor Warning: Incompatible color definition on input line 182.


Package xcolor Warning: Incompatible color definition on input line 182.


Overfull \hbox (5.47499pt too wide) has occurred while \output is active
[] \T1/aer/m/n/10.95 3
 []

[3]
Overfull \hbox (5.47499pt too wide) has occurred while \output is active
\T1/aer/m/n/10.95 4 []
 []

[4 <./figure/readCovars-1.pdf>]

Package xcolor Warning: Incompatible color definition on input line 184.


Package xcolor Warning: Incompatible color definition on input line 190.


Package xcolor Warning: Incompatible color definition on input line 190.


Overfull \hbox (5.47499pt too wide) has occurred while \output is active
[] \T1/aer/m/n/10.95 5
 []

[5]
LaTeX Font Info:    Trying to load font information for TS1+aett on input line 
226.
 (/usr/share/texmf/tex/latex/R/tex/latex/ts1aett.fd
File: ts1aett.fd 
)
LaTeX Font Info:    Trying to load font information for TS1+cmtt on input line 
226.

(/usr/share/texlive/texmf-dist/tex/latex/base/ts1cmtt.fd
File: ts1cmtt.fd 2019/12/16 v2.5j Standard LaTeX font definitions
)
LaTeX Font Info:    Font shape `TS1/aett/m/n' in size <10.95> not available
(Font)              Font shape `TS1/cmtt/m/n' tried instead on input line 226.

Overfull \hbox (4.89291pt too wide) in paragraph at lines 241--241
[] \T1/aett/b/n/10.95 $ observer: Factor w/ 4 levels "B","J","P","Missing": 4 2
 1 1 4 3 4 3 4 4 ...[] 
 []


Overfull \hbox (22.10625pt too wide) in paragraph at lines 241--241
[] \T1/aett/b/n/10.95 $ Area    : num  40000 40000 40000 40000 40000 40000 4000
0 40000 40000 40000 ...[] 
 []


Overfull \hbox (5.47499pt too wide) has occurred while \output is active
\T1/aer/m/n/10.95 6 []
 []

[6]

Package xcolor Warning: Incompatible color definition on input line 251.


Package xcolor Warning: Incompatible color definition on input line 251.


Package xcolor Warning: Incompatible color definition on input line 251.


Package xcolor Warning: Incompatible color definition on input line 251.


Package xcolor Warning: Incompatible color definition on input line 251.


Package xcolor Warning: Incompatible color definition on input line 251.


Package xcolor Warning: Incompatible color definition on input line 253.


Package xcolor Warning: Incompatible color definition on input line 253.


Package xcolor Warning: Incompatible color definition on input line 253.


Package xcolor Warning: Incompatible color definition on input line 253.


Overfull \hbox (10.63069pt too wide) in paragraph at lines 258--258
[][]\T1/aett/b/n/10.95 my.mesh[] []<-[] []makeMesh[][]( co-vars[][]$[][]DEM,[] 
[]max.n[][]=[][]c[][]([][]1000[][],[] []350[][]),[] []dep.range[][]=[][]3[][],[
] []do-Plot[][]=[][]FALSE[][])[][] 
 []


Package xcolor Warning: Incompatible color definition on input line 263.


Package xcolor Warning: Incompatible color definition on input line 263.


Package xcolor Warning: Incompatible color definition on input line 263.


Package xcolor Warning: Incompatible color definition on input line 263.

<figure/checkMesh1-1.pdf, id=147, 505.89pt x 216.81pt>
File: figure/checkMesh1-1.pdf Graphic file (type pdf)
<use figure/checkMesh1-1.pdf>
Package pdftex.def Info: figure/checkMesh1-1.pdf  used on input line 272.
(pdftex.def)             Requested size: 442.65375pt x 189.71158pt.

Overfull \hbox (5.47499pt too wide) has occurred while \output is active
[] \T1/aer/m/n/10.95 7
 []

[7]

Package xcolor Warning: Incompatible color definition on input line 279.


Package xcolor Warning: Incompatible color definition on input line 279.


Overfull \hbox (22.10625pt too wide) in paragraph at lines 284--284
[][]\T1/aett/b/n/10.95 my.mesh.bad[] []<-[] []makeMesh[][]( co-vars[][]$[][]DEM
,[] []max.n[][]=[][]c[][]([][]250[][],[] []30[][]),[] []dep.range[][]=[][]3[][]
,[] []do-Plot[][]=[][]FALSE[][])[][] 
 []

<figure/makeBadMesh1-1.pdf, id=162, 505.89pt x 216.81pt>
File: figure/makeBadMesh1-1.pdf Graphic file (type pdf)
<use figure/makeBadMesh1-1.pdf>
Package pdftex.def Info: figure/makeBadMesh1-1.pdf  used on input line 289.
(pdftex.def)             Requested size: 442.65375pt x 189.71158pt.

Overfull \hbox (5.47499pt too wide) has occurred while \output is active
\T1/aer/m/n/10.95 8 []
 []

[8 <./figure/checkMesh1-1.pdf> <./figure/makeBadMesh1-1.pdf>]

Package hyperref Warning: Suppressing empty link on input line 304.


Package xcolor Warning: Incompatible color definition on input line 308.


Package xcolor Warning: Incompatible color definition on input line 308.


Package hyperref Warning: Suppressing empty link on input line 327.


Overfull \hbox (5.47499pt too wide) has occurred while \output is active
[] \T1/aer/m/n/10.95 9
 []

[9]

Package xcolor Warning: Incompatible color definition on input line 331.


Package xcolor Warning: Incompatible color definition on input line 331.


Package xcolor Warning: Incompatible color definition on input line 335.


Package xcolor Warning: Incompatible color definition on input line 335.


Package hyperref Warning: Suppressing empty link on input line 337.


Package xcolor Warning: Incompatible color definition on input line 341.


Package xcolor Warning: Incompatible color definition on input line 341.


Overfull \hbox (10.94998pt too wide) has occurred while \output is active
\T1/aer/m/n/10.95 10 []
 []

[10]

Package xcolor Warning: Incompatible color definition on input line 365.


Package xcolor Warning: Incompatible color definition on input line 365.


Overfull \hbox (10.94998pt too wide) has occurred while \output is active
[] \T1/aer/m/n/10.95 11
 []

[11]
Overfull \hbox (10.94998pt too wide) has occurred while \output is active
\T1/aer/m/n/10.95 12 []
 []

[12]

Package hyperref Warning: Suppressing empty link on input line 427.


Package xcolor Warning: Incompatible color definition on input line 447.


Package xcolor Warning: Incompatible color definition on input line 447.


Package xcolor Warning: Incompatible color definition on input line 447.


Package xcolor Warning: Incompatible color definition on input line 447.


Package xcolor Warning: Incompatible color definition on input line 449.


Package xcolor Warning: Incompatible color definition on input line 449.


Package xcolor Warning: Incompatible color definition on input line 449.


Package xcolor Warning: Incompatible color definition on input line 449.


Overfull \hbox (10.94998pt too wide) has occurred while \output is active
[] \T1/aer/m/n/10.95 13
 []

[13]
Overfull \hbox (4.89291pt too wide) in paragraph at lines 481--481
[]                   []\T1/aett/b/n/10.95 dis-tri-bu-tion-For-mula[][]=[][]~[][
]0[][]+[][]poly[][]( DEM,[] []2[][])[] []+[] []poly[][]( SMRZ,[][]2[][])[] []+[
] []ACC,[][] 
 []


Overfull \hbox (10.94998pt too wide) has occurred while \output is active
\T1/aer/m/n/10.95 14 []
 []

[14]

Package xcolor Warning: Incompatible color definition on input line 540.


Package xcolor Warning: Incompatible color definition on input line 540.


Package xcolor Warning: Incompatible color definition on input line 540.


Package xcolor Warning: Incompatible color definition on input line 540.


Overfull \hbox (10.94998pt too wide) has occurred while \output is active
[] \T1/aer/m/n/10.95 15
 []

[15]

Package xcolor Warning: Incompatible color definition on input line 544.


Package xcolor Warning: Incompatible color definition on input line 544.


Package xcolor Warning: Incompatible color definition on input line 548.


Package xcolor Warning: Incompatible color definition on input line 548.


Package xcolor Warning: Incompatible color definition on input line 548.


Package xcolor Warning: Incompatible color definition on input line 548.


Package xcolor Warning: Incompatible color definition on input line 548.


Package xcolor Warning: Incompatible color definition on input line 548.


Package xcolor Warning: Incompatible color definition on input line 550.


Package xcolor Warning: Incompatible color definition on input line 550.

<figure/residPlots-1.pdf, id=247, 505.89pt x 252.945pt>
File: figure/residPlots-1.pdf Graphic file (type pdf)
<use figure/residPlots-1.pdf>
Package pdftex.def Info: figure/residPlots-1.pdf  used on input line 559.
(pdftex.def)             Requested size: 442.65375pt x 221.33018pt.

Package xcolor Warning: Incompatible color definition on input line 568.


Package xcolor Warning: Incompatible color definition on input line 568.


Overfull \hbox (10.94998pt too wide) has occurred while \output is active
\T1/aer/m/n/10.95 16 []
 []

[16]
<figure/residPlots2-1.pdf, id=258, 505.89pt x 252.945pt>
File: figure/residPlots2-1.pdf Graphic file (type pdf)
<use figure/residPlots2-1.pdf>
Package pdftex.def Info: figure/residPlots2-1.pdf  used on input line 577.
(pdftex.def)             Requested size: 442.65375pt x 221.33018pt.

Overfull \hbox (29.26569pt too wide) in paragraph at lines 590--591
\T1/aer/m/n/10.95 method pro-ceeds by tak-ing pos-te-rior draws of the pa-ram-e
-ters, us-ing \T1/aett/b/n/10.95 INLA\T1/aer/m/n/10.95 's \T1/aett/b/n/10.95 in
la.posterior.sample
 []


Overfull \hbox (10.94998pt too wide) has occurred while \output is active
[] \T1/aer/m/n/10.95 17
 []

[17 <./figure/residPlots-1.pdf>]

Package xcolor Warning: Incompatible color definition on input line 596.


Overfull \vbox (2.32275pt too high) detected at line 615
 []


Overfull \hbox (10.94998pt too wide) has occurred while \output is active
\T1/aer/m/n/10.95 18 []
 []

[18 <./figure/residPlots2-1.pdf>]
<figure/pred-1.pdf, id=289, 505.89pt x 252.945pt>
File: figure/pred-1.pdf Graphic file (type pdf)
<use figure/pred-1.pdf>
Package pdftex.def Info: figure/pred-1.pdf  used on input line 617.
(pdftex.def)             Requested size: 442.65375pt x 221.33018pt.
<figure/pred-2.pdf, id=290, 505.89pt x 252.945pt>
File: figure/pred-2.pdf Graphic file (type pdf)
<use figure/pred-2.pdf>
Package pdftex.def Info: figure/pred-2.pdf  used on input line 618.
(pdftex.def)             Requested size: 442.65375pt x 221.33018pt.
LaTeX Font Info:    Trying to load font information for TS1+aer on input line 6
29.

(/usr/share/texmf/tex/latex/R/tex/latex/ts1aer.fd
File: ts1aer.fd 
)
LaTeX Font Info:    Font shape `TS1/aer/m/n' in size <10.95> not available
(Font)              Font shape `TS1/cmr/m/n' tried instead on input line 629.


Package xcolor Warning: Incompatible color definition on input line 641.


Overfull \hbox (10.94998pt too wide) has occurred while \output is active
[] \T1/aer/m/n/10.95 19
 []

[19]
Overfull \hbox (10.94998pt too wide) has occurred while \output is active
\T1/aer/m/n/10.95 20 []
 []

[20 <./figure/pred-1.pdf> <./figure/pred-2.pdf>]
Overfull \hbox (4.89291pt too wide) in paragraph at lines 656--656
[]                        []\T1/aett/b/n/10.95 in-clude-Fixed[][]=[][]"SMRZ"[][
],[] []in-cludeRan-dom[][]=[][]FALSE[][],[] []type[][]=[][]"link"[][])[][] 
 []

<figure/interp-1.pdf, id=348, 505.89pt x 252.945pt>
File: figure/interp-1.pdf Graphic file (type pdf)
<use figure/interp-1.pdf>
Package pdftex.def Info: figure/interp-1.pdf  used on input line 673.
(pdftex.def)             Requested size: 442.65375pt x 221.33018pt.

Package xcolor Warning: Incompatible color definition on input line 690.


Overfull \hbox (10.94998pt too wide) has occurred while \output is active
[] \T1/aer/m/n/10.95 21
 []

[21]
<figure/singleDataPO-1.pdf, id=354, 505.89pt x 252.945pt>
File: figure/singleDataPO-1.pdf Graphic file (type pdf)
<use figure/singleDataPO-1.pdf>
Package pdftex.def Info: figure/singleDataPO-1.pdf  used on input line 713.
(pdftex.def)             Requested size: 442.65375pt x 221.33018pt.

Overfull \hbox (349.15958pt too wide) in paragraph at lines 745--745
[]  \T1/aett/b/n/10.95 The inla-program exited with an error. Unless you interu
pted it yourself, please rerun with verbose=TRUE and check the output carefully
.[] 
 []


Overfull \hbox (79.48402pt too wide) in paragraph at lines 745--745
[] \T1/aett/b/n/10.95 *** inla.core.safe:  inla.program has crashed: rerun to g
et better initial values. try=1/2[] 
 []


Overfull \hbox (10.94998pt too wide) has occurred while \output is active
\T1/aer/m/n/10.95 22 []
 []

[22 <./figure/interp-1.pdf>]
<figure/singleDataPA-1.pdf, id=365, 505.89pt x 252.945pt>
File: figure/singleDataPA-1.pdf Graphic file (type pdf)
<use figure/singleDataPA-1.pdf>
Package pdftex.def Info: figure/singleDataPA-1.pdf  used on input line 753.
(pdftex.def)             Requested size: 442.65375pt x 221.33018pt.

Overfull \hbox (10.94998pt too wide) has occurred while \output is active
[] \T1/aer/m/n/10.95 23
 []

[23 <./figure/singleDataPO-1.pdf>] (./RISDM.bbl

Package xcolor Warning: Incompatible color definition on input line 19.


Package xcolor Warning: Incompatible color definition on input line 27.


Package xcolor Warning: Incompatible color definition on input line 34.


Package xcolor Warning: Incompatible color definition on input line 43.


Overfull \hbox (10.94998pt too wide) has occurred while \output is active
\T1/aer/m/n/10.95 24 []
 []

[24 <./figure/singleDataPA-1.pdf>]

Package xcolor Warning: Incompatible color definition on input line 86.


Package xcolor Warning: Incompatible color definition on input line 97.


Package xcolor Warning: Incompatible color definition on input line 119.


Package xcolor Warning: Incompatible color definition on input line 127.


Package xcolor Warning: Incompatible color definition on input line 135.


Overfull \hbox (10.94998pt too wide) has occurred while \output is active
[] \T1/aer/m/n/10.95 25
 []

[25]

Package xcolor Warning: Incompatible color definition on input line 150.


Underfull \hbox (badness 2538) in paragraph at lines 145--151
[]\T1/aer/m/n/10.95 Petty AM, Set-ter-field SA, Fer-di-nands KB, Bar-row P (201
2).  ``In-fer-ring habi-tat
 []


Underfull \hbox (badness 1173) in paragraph at lines 145--151
\T1/aer/m/n/10.95 suit-abil-ity and spread pat-terns from large-scale dis-tri-b
u-tions of an ex-otic in-va-sive
 []


Underfull \hbox (badness 1824) in paragraph at lines 145--151
\T1/aer/m/n/10.95 pas-ture grass in north Aus-tralia.''  \T1/aer/m/it/10.95 Jou
r-nal of Ap-plied Ecol-ogy\T1/aer/m/n/10.95 , \T1/aer/b/n/10.95 49\T1/aer/m/n/1
0.95 (3), 742--752.
 []


Package xcolor Warning: Incompatible color definition on input line 156.


Package xcolor Warning: Incompatible color definition on input line 165.


Package xcolor Warning: Incompatible color definition on input line 173.


Package xcolor Warning: Incompatible color definition on input line 188.


Underfull \hbox (badness 3803) in paragraph at lines 183--189
[]\T1/aer/m/n/10.95 Verdoy PJ (2021).  ``En-hanc-ing the SPDE mod-el-ing of spa
-tial point pro-cesses
 []


Underfull \hbox (badness 3657) in paragraph at lines 183--189
\T1/aer/m/n/10.95 with INLA, ap-plied to wild-fires. Choos-ing the best mesh fo
r each database.''
 []


Underfull \hbox (badness 2903) in paragraph at lines 183--189
\T1/aer/m/it/10.95 Com-mu-ni-ca-tions in Statis-tics - Sim-u-la-tion and Com-pu
-ta-tion\T1/aer/m/n/10.95 , \T1/aer/b/n/10.95 50\T1/aer/m/n/10.95 (10), 2990--3
030.
 []


Package xcolor Warning: Incompatible color definition on input line 195.


Underfull \hbox (badness 2393) in paragraph at lines 191--196
[]\T1/aer/m/n/10.95 Warton D, Ren-ner I, Ramp D (2013).  ``Model-Based Con-trol
 of Ob-server Bias
 []


Underfull \hbox (badness 2285) in paragraph at lines 191--196
\T1/aer/m/n/10.95 for the Anal-y-sis of Presence-Only Data in Ecol-ogy.''  \T1/
aer/m/it/10.95 PLoS ONE\T1/aer/m/n/10.95 , \T1/aer/b/n/10.95 8\T1/aer/m/n/10.95
 (11), 1--9.
 []


Package xcolor Warning: Incompatible color definition on input line 207.

)
Overfull \hbox (10.94998pt too wide) has occurred while \output is active
\T1/aer/m/n/10.95 26 []
 []

[26]

Package xcolor Warning: Incompatible color definition on input line 807.

Package atveryend Info: Empty hook `BeforeClearDocument' on input line 807.

Overfull \hbox (10.94998pt too wide) has occurred while \output is active
[] \T1/aer/m/n/10.95 27
 []

[27]
Package atveryend Info: Empty hook `AfterLastShipout' on input line 807.
 (./RISDM.aux)
Package atveryend Info: Executing hook `AtVeryEndDocument' on input line 807.
Package atveryend Info: Executing hook `AtEndAfterFileList' on input line 807.
Package rerunfilecheck Info: File `RISDM.out' has not changed.
(rerunfilecheck)             Checksum: D41D8CD98F00B204E9800998ECF8427E;0.


LaTeX Font Warning: Some font shapes were not available, defaults substituted.

Package atveryend Info: Empty hook `AtVeryVeryEnd' on input line 807.
 ) 
Here is how much of TeX's memory you used:
 7288 strings out of 483183
 107704 string characters out of 5966293
 376812 words of memory out of 5000000
 22022 multiletter control sequences out of 15000+600000
 578737 words of font info for 105 fonts, out of 8000000 for 9000
 14 hyphenation exceptions out of 8191
 42i,9n,38p,1137b,449s stack positions out of 5000i,500n,10000p,200000b,80000s
 </home/fos085/.texlive2019/texmf-var/fonts/pk/ljfour/jknappen/ec/tcrm1095.60
0pk> </home/fos085/.texlive2019/texmf-var/fonts/pk/ljfour/jknappen/ec/tctt1095.
600pk></usr/share/texlive/texmf-dist/fonts/type1/public/amsfonts/cm/cmb10.pfb><
/usr/share/texlive/texmf-dist/fonts/type1/public/amsfonts/cm/cmitt10.pfb></usr/
share/texlive/texmf-dist/fonts/type1/public/amsfonts/cm/cmmi10.pfb></usr/share/
texlive/texmf-dist/fonts/type1/public/amsfonts/cm/cmr10.pfb></usr/share/texlive
/texmf-dist/fonts/type1/public/amsfonts/cm/cmr8.pfb></usr/share/texlive/texmf-d
ist/fonts/type1/public/amsfonts/cm/cmr9.pfb></usr/share/texlive/texmf-dist/font
s/type1/public/amsfonts/cm/cmsl10.pfb></usr/share/texlive/texmf-dist/fonts/type
1/public/amsfonts/cm/cmss10.pfb></usr/share/texlive/texmf-dist/fonts/type1/publ
ic/amsfonts/cm/cmsy10.pfb></usr/share/texlive/texmf-dist/fonts/type1/public/ams
fonts/cm/cmti10.pfb></usr/share/texlive/texmf-dist/fonts/type1/public/amsfonts/
cm/cmti12.pfb></usr/share/texlive/texmf-dist/fonts/type1/public/amsfonts/cm/cmt
t10.pfb></usr/share/texlive/texmf-dist/fonts/type1/public/amsfonts/cm/cmtt12.pf
b></usr/share/texlive/texmf-dist/fonts/type1/public/amsfonts/cm/cmtt9.pfb>
Output written on RISDM.pdf (27 pages, 1319233 bytes).
PDF statistics:
 523 PDF objects out of 1000 (max. 8388607)
 379 compressed objects within 4 object streams
 73 named destinations out of 1000 (max. 500000)
 51 words of extra memory for PDF output out of 10000 (max. 10000000)

